[0.245s] Invoking command in '/home/keti/turtle_carto/build/gcamp_gazebo': /usr/bin/cmake --build /home/keti/turtle_carto/build/gcamp_gazebo -- -j24 -l24
[0.455s] Traceback (most recent call last):
[0.455s]   File "/opt/ros/foxy/share/ament_cmake_core/cmake/package_templates/templates_2_cmake.py", line 21, in <module>
[0.455s]     from ament_package.templates import get_environment_hook_template_path
[0.455s] ModuleNotFoundError: No module named 'ament_package'
[0.455s] CMake Error at /opt/ros/foxy/share/ament_cmake_core/cmake/ament_cmake_package_templates-extras.cmake:41 (message):
[0.455s]   execute_process(/usr/bin/python3
[0.455s]   /opt/ros/foxy/share/ament_cmake_core/cmake/package_templates/templates_2_cmake.py
[0.455s]   /home/keti/turtle_carto/build/gcamp_gazebo/ament_cmake_package_templates/templates.cmake)
[0.455s]   returned error code 1
[0.456s] Call Stack (most recent call first):
[0.456s]   /opt/ros/foxy/share/ament_cmake_core/cmake/ament_cmake_coreConfig.cmake:41 (include)
[0.456s]   /opt/ros/foxy/share/ament_cmake/cmake/ament_cmake_export_dependencies-extras.cmake:15 (find_package)
[0.456s]   /opt/ros/foxy/share/ament_cmake/cmake/ament_cmakeConfig.cmake:41 (include)
[0.456s]   CMakeLists.txt:19 (find_package)
[0.456s] 
[0.456s] 
[0.456s] make: *** [Makefile:222: cmake_check_build_system] Error 1
[0.456s] -- Found ament_cmake: 0.9.11 (/opt/ros/foxy/share/ament_cmake/cmake)
[0.456s] -- Using PYTHON_EXECUTABLE: /usr/bin/python3
[0.457s] -- Configuring incomplete, errors occurred!
[0.457s] See also "/home/keti/turtle_carto/build/gcamp_gazebo/CMakeFiles/CMakeOutput.log".
[0.474s] Invoked command in '/home/keti/turtle_carto/build/gcamp_gazebo' returned '2': /usr/bin/cmake --build /home/keti/turtle_carto/build/gcamp_gazebo -- -j24 -l24
